<?xml version="1.0" encoding="UTF-8"?>
<testsuite xmlns:xsi="http://www.w3.org/2001/XMLSchema-instance" xsi:noNamespaceSchemaLocation="https://maven.apache.org/surefire/maven-surefire-plugin/xsd/surefire-test-report.xsd" name="com.cm.projects.spring.resource.chasis.ChasisResourceTest" time="8.525" tests="2" errors="0" skipped="0" failures="0">
  <properties>
[...]
</properties>
  <testcase name="testGetEntity" classname="com.cm.projects.spring.resource.chasis.ChasisResourceTest" time="0.018"/>
  <testcase name="testCreate" classname="com.cm.projects.spring.resource.chasis.ChasisResourceTest" time="0.02"/>
</testsuite>